11:10:38 **** Build of configuration Debug for project simple_cache_model ****
make all 
Building file: ../cache.cpp
Invoking: GCC C++ Compiler
g++ -I/usr/local/systemc-2.3.1/include -O0 -g3 -Wall -c -fmessage-length=0 -m32 -MMD -MP -MF"cache.d" -MT"cache.o" -o "cache.o" "../cache.cpp"
../cache.cpp: In constructor ‘cache::cache(sc_core::sc_module_name, uint32_t, uint32_t, uint32_t, bool, cache::eviction_policy)’:
../cache.cpp:38:13: warning: format not a string literal and no format arguments [-Wformat-security]
  printf(name);
             ^
../cache.cpp: In member function ‘void cache::update(tlm::tlm_generic_payload&, sc_core::sc_time&)’:
../cache.cpp:62:18: warning: comparison between signed and unsigned integer expressions [-Wsign-compare]
  for (int i=0; i<m_num_of_ways; i++) {
                  ^
../cache.cpp:81:23: warning: comparison between signed and unsigned integer expressions [-Wsign-compare]
       for (int j=0; j<m_num_of_ways; j++) {
                       ^
../cache.cpp:112:21: warning: comparison between signed and unsigned integer expressions [-Wsign-compare]
     for (int j=0; j<m_num_of_ways; j++) {
                     ^
../cache.cpp:121:21: warning: comparison between signed and unsigned integer expressions [-Wsign-compare]
     for (int j=1; j<m_num_of_ways; j++) {
                     ^
../cache.cpp:49:9: warning: unused variable ‘req_addr’ [-Wunused-variable]
  addr_t req_addr = (payload.get_address()/WORD_SIZE)*WORD_SIZE;      // rounded to word address
         ^
Finished building: ../cache.cpp
 
Building file: ../cache_controller.cpp
Invoking: GCC C++ Compiler
g++ -I/usr/local/systemc-2.3.1/include -O0 -g3 -Wall -c -fmessage-length=0 -m32 -MMD -MP -MF"cache_controller.d" -MT"cache_controller.o" -o "cache_controller.o" "../cache_controller.cpp"
In file included from ../cache_controller.cpp:18:0:
../cache_controller.hpp:15:65: fatal error: modelSupport/tlmProcessor/1.0/tlm2.0/tlmProcessor.hpp: No such file or directory
 #include "modelSupport/tlmProcessor/1.0/tlm2.0/tlmProcessor.hpp"
                                                                 ^
compilation terminated.
make: *** [cache_controller.o] Error 1

11:10:39 Build Finished (took 912ms)

